<?xml version="1.0" encoding="UTF-8"?>
<testsuite xmlns:xsi="http://www.w3.org/2001/XMLSchema-instance" xsi:noNamespaceSchemaLocation="https://maven.apache.org/surefire/maven-surefire-plugin/xsd/surefire-test-report.xsd" name="com.example.FunctionTest" time="0.719" tests="1" errors="0" skipped="0" failures="0">
  <properties>
    <property name="sun.desktop" value="windows"/>
    <property name="awt.toolkit" value="sun.awt.windows.WToolkit"/>
    <property name="file.encoding.pkg" value="sun.io"/>
    <property name="java.specification.version" value="1.8"/>
    <property name="sun.cpu.isalist" value="amd64"/>
    <property name="sun.jnu.encoding" value="Cp1252"/>
    <property name="java.class.path" value="c:\Users\RGoswami\Desktop\Repos\FAAS\functions\javnew\target\test-classes;c:\Users\RGoswami\Desktop\Repos\FAAS\functions\javnew\target\classes;C:\Users\RGoswami\.m2\repository\com\salesforce\functions\sf-fx-sdk-java\1.1.0\sf-fx-sdk-java-1.1.0.jar;C:\Users\RGoswami\.m2\repository\org\slf4j\slf4j-api\1.7.36\slf4j-api-1.7.36.jar;C:\Users\RGoswami\.m2\repository\junit\junit\4.13.2\junit-4.13.2.jar;C:\Users\RGoswami\.m2\repository\org\hamcrest\hamcrest-core\1.3\hamcrest-core-1.3.jar;C:\Users\RGoswami\.m2\repository\org\mockito\mockito-core\4.9.0\mockito-core-4.9.0.jar;C:\Users\RGoswami\.m2\repository\net\bytebuddy\byte-buddy\1.12.16\byte-buddy-1.12.16.jar;C:\Users\RGoswami\.m2\repository\net\bytebuddy\byte-buddy-agent\1.12.16\byte-buddy-agent-1.12.16.jar;C:\Users\RGoswami\.m2\repository\org\objenesis\objenesis\3.3\objenesis-3.3.jar;C:\Users\RGoswami\.m2\repository\org\hamcrest\hamcrest\2.2\hamcrest-2.2.jar;C:\Users\RGoswami\.m2\repository\com\spotify\hamcrest-pojo\1.2.0\hamcrest-pojo-1.2.0.jar;C:\Users\RGoswami\.m2\repository\com\google\guava\guava\18.0\guava-18.0.jar;C:\Users\RGoswami\.m2\repository\com\spotify\hamcrest-util\1.2.0\hamcrest-util-1.2.0.jar;"/>
    <property name="java.vm.vendor" value="Oracle Corporation"/>
    <property name="sun.arch.data.model" value="64"/>
    <property name="user.variant" value=""/>
    <property name="java.vendor.url" value="http://java.oracle.com/"/>
    <property name="user.timezone" value="Asia/Calcutta"/>
    <property name="java.vm.specification.version" value="1.8"/>
    <property name="os.name" value="Windows 10"/>
    <property name="user.country" value="US"/>
    <property name="sun.java.launcher" value="SUN_STANDARD"/>
    <property name="sun.boot.library.path" value="C:\Program Files\Java\jdk1.8.0_202\jre\bin"/>
    <property name="sun.java.command" value="C:\Users\RGoswami\AppData\Local\Temp\surefire8386045354645480479\surefirebooter6359563168587557169.jar C:\Users\RGoswami\AppData\Local\Temp\surefire8386045354645480479 2023-04-05T12-44-29_907-jvmRun1 surefire5179897238648068104tmp surefire_06141318186729288765tmp"/>
    <property name="surefire.test.class.path" value="c:\Users\RGoswami\Desktop\Repos\FAAS\functions\javnew\target\test-classes;c:\Users\RGoswami\Desktop\Repos\FAAS\functions\javnew\target\classes;C:\Users\RGoswami\.m2\repository\com\salesforce\functions\sf-fx-sdk-java\1.1.0\sf-fx-sdk-java-1.1.0.jar;C:\Users\RGoswami\.m2\repository\org\slf4j\slf4j-api\1.7.36\slf4j-api-1.7.36.jar;C:\Users\RGoswami\.m2\repository\junit\junit\4.13.2\junit-4.13.2.jar;C:\Users\RGoswami\.m2\repository\org\hamcrest\hamcrest-core\1.3\hamcrest-core-1.3.jar;C:\Users\RGoswami\.m2\repository\org\mockito\mockito-core\4.9.0\mockito-core-4.9.0.jar;C:\Users\RGoswami\.m2\repository\net\bytebuddy\byte-buddy\1.12.16\byte-buddy-1.12.16.jar;C:\Users\RGoswami\.m2\repository\net\bytebuddy\byte-buddy-agent\1.12.16\byte-buddy-agent-1.12.16.jar;C:\Users\RGoswami\.m2\repository\org\objenesis\objenesis\3.3\objenesis-3.3.jar;C:\Users\RGoswami\.m2\repository\org\hamcrest\hamcrest\2.2\hamcrest-2.2.jar;C:\Users\RGoswami\.m2\repository\com\spotify\hamcrest-pojo\1.2.0\hamcrest-pojo-1.2.0.jar;C:\Users\RGoswami\.m2\repository\com\google\guava\guava\18.0\guava-18.0.jar;C:\Users\RGoswami\.m2\repository\com\spotify\hamcrest-util\1.2.0\hamcrest-util-1.2.0.jar;"/>
    <property name="sun.cpu.endian" value="little"/>
    <property name="user.home" value="C:\Users\RGoswami"/>
    <property name="user.language" value="en"/>
    <property name="java.specification.vendor" value="Oracle Corporation"/>
    <property name="java.home" value="C:\Program Files\Java\jdk1.8.0_202\jre"/>
    <property name="basedir" value="c:\Users\RGoswami\Desktop\Repos\FAAS\functions\javnew"/>
    <property name="file.separator" value="\"/>
    <property name="line.separator" value="&#10;"/>
    <property name="java.vm.specification.vendor" value="Oracle Corporation"/>
    <property name="java.specification.name" value="Java Platform API Specification"/>
    <property name="java.awt.graphicsenv" value="sun.awt.Win32GraphicsEnvironment"/>
    <property name="surefire.real.class.path" value="C:\Users\RGoswami\AppData\Local\Temp\surefire8386045354645480479\surefirebooter6359563168587557169.jar"/>
    <property name="sun.boot.class.path" value="C:\Program Files\Java\jdk1.8.0_202\jre\lib\resources.jar;C:\Program Files\Java\jdk1.8.0_202\jre\lib\rt.jar;C:\Program Files\Java\jdk1.8.0_202\jre\lib\sunrsasign.jar;C:\Program Files\Java\jdk1.8.0_202\jre\lib\jsse.jar;C:\Program Files\Java\jdk1.8.0_202\jre\lib\jce.jar;C:\Program Files\Java\jdk1.8.0_202\jre\lib\charsets.jar;C:\Program Files\Java\jdk1.8.0_202\jre\lib\jfr.jar;C:\Program Files\Java\jdk1.8.0_202\jre\classes"/>
    <property name="user.script" value=""/>
    <property name="sun.management.compiler" value="HotSpot 64-Bit Tiered Compilers"/>
    <property name="java.runtime.version" value="1.8.0_202-b08"/>
    <property name="user.name" value="RGoswami"/>
    <property name="path.separator" value=";"/>
    <property name="os.version" value="10.0"/>
    <property name="java.endorsed.dirs" value="C:\Program Files\Java\jdk1.8.0_202\jre\lib\endorsed"/>
    <property name="java.runtime.name" value="Java(TM) SE Runtime Environment"/>
    <property name="file.encoding" value="Cp1252"/>
    <property name="java.vm.name" value="Java HotSpot(TM) 64-Bit Server VM"/>
    <property name="localRepository" value="C:\Users\RGoswami\.m2\repository"/>
    <property name="java.vendor.url.bug" value="http://bugreport.sun.com/bugreport/"/>
    <property name="java.io.tmpdir" value="C:\Users\RGoswami\AppData\Local\Temp\"/>
    <property name="java.version" value="1.8.0_202"/>
    <property name="user.dir" value="c:\Users\RGoswami\Desktop\Repos\FAAS\functions\javnew"/>
    <property name="os.arch" value="amd64"/>
    <property name="java.vm.specification.name" value="Java Virtual Machine Specification"/>
    <property name="java.awt.printerjob" value="sun.awt.windows.WPrinterJob"/>
    <property name="sun.os.patch.level" value=""/>
    <property name="java.library.path" value="C:\Program Files\Java\jdk1.8.0_202\jre\bin;C:\WINDOWS\Sun\Java\bin;C:\WINDOWS\system32;C:\WINDOWS;C:\Program Files (x86)\Common Files\Oracle\Java\javapath;C:\WINDOWS\system32;C:\WINDOWS;C:\WINDOWS\System32\Wbem;C:\WINDOWS\System32\WindowsPowerShell\v1.0\;C:\WINDOWS\System32\OpenSSH\;C:\Program Files\nodejs\;C:\Program Files\dotnet\;C:\Program Files\Git\cmd;C:\Program Files (x86)\NVIDIA Corporation\PhysX\Common;C:\Users\RGoswami\AppData\Local\Programs\amplify-dx\resources\bin;C:\Users\RGoswami\AppData\Local\Microsoft\WindowsApps;C:\Users\RGoswami\AppData\Local\Programs\Microsoft VS Code\bin;C:\Users\RGoswami\AppData\Local\Programs\Git\cmd;C:\Users\RGoswami\AppData\Roaming\npm;C:\Program Files\sfdx\bin;C:\Users\RGoswami\Downloads\apache-maven-3.8.6-bin\apache-maven-3.8.6\bin;C:\Users\RGoswami\AppData\Local\Programs\Python\Python311\Scripts;C:\Users\RGoswami\AppData\Local\Programs\Python\Python311;;."/>
    <property name="java.vm.info" value="mixed mode"/>
    <property name="java.vendor" value="Oracle Corporation"/>
    <property name="java.vm.version" value="25.202-b08"/>
    <property name="java.ext.dirs" value="C:\Program Files\Java\jdk1.8.0_202\jre\lib\ext;C:\WINDOWS\Sun\Java\lib\ext"/>
    <property name="sun.io.unicode.encoding" value="UnicodeLittle"/>
    <property name="java.class.version" value="52.0"/>
  </properties>
  <testcase name="test" classname="com.example.FunctionTest" time="0.671"/>
</testsuite>